
E/[CCMETA]: 00001101-0000-1000-8000-00805f9b34fb
E/[CCMETA]: 00000000-0000-1000-8000-00805f9b34fb
E/[CCMETA]: 00000000-0000-1000-8000-00805f9b34fb
E/[CCMETA] isConnected: false
E/[CCMETA]: localBluetoothSocket.use { socket -> socket.connect() }
D/ViewRootImpl[MainActivity]: update {(0,0)(fillxfill) sim={adjust=pan forwardNavigation} ty=BASE_APPLICATION wanim=0x10302fe
      fl=LAYOUT_IN_SCREEN LAYOUT_INSET_DECOR SPLIT_TOUCH HARDWARE_ACCELERATED DRAWS_SYSTEM_BAR_BACKGROUNDS
      pfl=NO_MOVE_ANIMATION FORCE_DRAW_STATUS_BAR_BACKGROUND USE_BLAST FIT_INSETS_CONTROLLED
      bhv=DEFAULT
      fitSides=} by setLayoutParams
E/[CCMETA]: socket readText = 11011600000000
E/[CCMETA]: socket readText = 1101160000000011011600000000
E/[CCMETA]: socket readText = 1101160000000011011600000000

E/[CCMETA]: [49, 49, 48, 49, 49, 54, 48, 48, 48, 48, 48, 48, 48, 48, 0, 0, 0, 0, 0, 0, 0, 0, 0, 0, 0, 0, 0, 0, 0, 0, 0, 0, 0, 0, 0, 0, 0, 0, 0, 0, 0, 0, 0, 0, 0, 0, 0, 0, 0, 0, 0, 0, 0, 0, 0, 0, 0, 0, 0, 0, 0, 0, 0, 0, 0, 0, 0, 0, 0, 0, 0, 0, 0, 0, 0, 0, 0, 0, 0, 0, 0, 0, 0, 0, 0, 0, 0, 0, 0, 0, 0, 0, 0, 0, 0, 0, 0, 0, 0, 0, 0, 0, 0, 0, 0, 0, 0, 0, 0, 0, 0, 0, 0, 0, 0, 0, 0, 0, 0, 0, 0, 0, 0, 0, 0, 0, 0, 0]
E/[CCMETA]: [49, 49, 48, 49, 49, 54, 48, 48, 48, 48, 48, 48, 48, 48, 0, 0, 0, 0, 0, 0, 0, 0, 0, 0, 0, 0, 0, 0, 0, 0, 0, 0, 0, 0, 0, 0, 0, 0, 0, 0, 0, 0, 0, 0, 0, 0, 0, 0, 0, 0, 0, 0, 0, 0, 0, 0, 0, 0, 0, 0, 0, 0, 0, 0, 0, 0, 0, 0, 0, 0, 0, 0, 0, 0, 0, 0, 0, 0, 0, 0, 0, 0, 0, 0, 0, 0, 0, 0, 0, 0, 0, 0, 0, 0, 0, 0, 0, 0, 0, 0, 0, 0, 0, 0, 0, 0, 0, 0, 0, 0, 0, 0, 0, 0, 0, 0, 0, 0, 0, 0, 0, 0, 0, 0, 0, 0, 0, 0]
E/[CCMETA]: 14
E/[CCMETA]: socket readText = 11011600000000
E/[CCMETA]: [49, 49, 48, 49, 49, 54, 48, 48, 48, 48, 48, 48, 48, 48, 0, 0, 0, 0, 0, 0, 0, 0, 0, 0, 0, 0, 0, 0, 0, 0, 0, 0, 0, 0, 0, 0, 0, 0, 0, 0, 0, 0, 0, 0, 0, 0, 0, 0, 0, 0, 0, 0, 0, 0, 0, 0, 0, 0, 0, 0, 0, 0, 0, 0, 0, 0, 0, 0, 0, 0, 0, 0, 0, 0, 0, 0, 0, 0, 0, 0, 0, 0, 0, 0, 0, 0, 0, 0, 0, 0, 0, 0, 0, 0, 0, 0, 0, 0, 0, 0, 0, 0, 0, 0, 0, 0, 0, 0, 0, 0, 0, 0, 0, 0, 0, 0, 0, 0, 0, 0, 0, 0, 0, 0, 0, 0, 0, 0]
E/[CCMETA]: 14
E/[CCMETA]: socket readText = 11011600000000
E/[CCMETA]: [49, 49, 48, 49, 49, 54, 48, 48, 48, 48, 48, 48, 48, 48, 0, 0, 0, 0, 0, 0, 0, 0, 0, 0, 0, 0, 0, 0, 0, 0, 0, 0, 0, 0, 0, 0, 0, 0, 0, 0, 0, 0, 0, 0, 0, 0, 0, 0, 0, 0, 0, 0, 0, 0, 0, 0, 0, 0, 0, 0, 0, 0, 0, 0, 0, 0, 0, 0, 0, 0, 0, 0, 0, 0, 0, 0, 0, 0, 0, 0, 0, 0, 0, 0, 0, 0, 0, 0, 0, 0, 0, 0, 0, 0, 0, 0, 0, 0, 0, 0, 0, 0, 0, 0, 0, 0, 0, 0, 0, 0, 0, 0, 0, 0, 0, 0, 0, 0, 0, 0, 0, 0, 0, 0, 0, 0, 0, 0]
E/[CCMETA]: 14
E/[CCMETA]: socket readText = 11011600000000
E/[CCMETA]: Input stream was disconnected at inputStream.read
D/BluetoothSocket: close() this: android.bluetooth.BluetoothSocket@27d988, channel: 1, mSocketIS: android.net.LocalSocketImpl$SocketInputStream@c6f3f21, mSocketOS: android.net.LocalSocketImpl$SocketOutputStream@5201f46mSocket: android.net.LocalSocket@e58d507 impl:android.net.LocalSocketImpl@7250634 fd:java.io.FileDescriptor@2dfac5d, mSocketState: CONNECTED
